Content-Type: multipart/alternative;
 boundary="===============5702554564835442615=="
MIME-Version: 1.0
Subject: Restore password
From: test@example.com
To: orkanbirikiuc@gmail.com
Date: Thu, 26 Nov 2020 16:50:02 -0000
Message-ID: <160640940246.1949.1560947781398448211@desktop.localdomain>

--===============5702554564835442615==
Content-Type: text/plain; charset="utf-8"
MIME-Version: 1.0
Content-Transfer-Encoding: 7bit



You received this email because you requested a password reset for your user account.

Please, go to the following page and choose a new password:

http://127.0.0.1:8000/accounts/restore/Mg/5lx-f82eaf3397f19f37c4b1/

--===============5702554564835442615==
Content-Type: text/html; charset="utf-8"
MIME-Version: 1.0
Content-Transfer-Encoding: 7bit



<!DOCTYPE html PUBLIC "-//W3C//DTD XHTML 1.0 Transitional//EN"
        "http://www.w3.org/TR/xhtml1/DTD/xhtml1-transitional.dtd">
<html xmlns="http://www.w3.org/1999/xhtml">
<head>
    <meta http-equiv="Content-Type" content="text/html; charset=UTF-8"/>
    <title>Restore password</title>
    <meta name="viewport" content="width=device-width, initial-scale=1.0"/>
</head>

<body>

<p>
    You received this email because you requested a password reset for your user account.
</p>

<p>
    Please, go to the following page and choose a new password:
</p>

<p>
    <a href="http://127.0.0.1:8000/accounts/restore/Mg/5lx-f82eaf3397f19f37c4b1/">http://127.0.0.1:8000/accounts/restore/Mg/5lx-f82eaf3397f19f37c4b1/</a>
</p>

</body>

</html>

--===============5702554564835442615==--

-------------------------------------------------------------------------------
