Content-Type: multipart/alternative;
 boundary="===============8533687998102264835=="
MIME-Version: 1.0
Subject: Profile activation
From: test@example.com
To: atesturkorkan@gmail.com
Date: Thu, 26 Nov 2020 11:47:34 -0000
Message-ID: <160639125432.1586.1446749162879492291@desktop.localdomain>

--===============8533687998102264835==
Content-Type: text/plain; charset="utf-8"
MIME-Version: 1.0
Content-Transfer-Encoding: 7bit



To activate your profile, please follow this link:

http://127.0.0.1:8000/accounts/activate/SgFp1gszWIazvI0agDxI/

--===============8533687998102264835==
Content-Type: text/html; charset="utf-8"
MIME-Version: 1.0
Content-Transfer-Encoding: 7bit



<!DOCTYPE html PUBLIC "-//W3C//DTD XHTML 1.0 Transitional//EN"
        "http://www.w3.org/TR/xhtml1/DTD/xhtml1-transitional.dtd">
<html xmlns="http://www.w3.org/1999/xhtml">
<head>
    <meta http-equiv="Content-Type" content="text/html; charset=UTF-8"/>
    <title>Profile activation</title>
    <meta name="viewport" content="width=device-width, initial-scale=1.0"/>
</head>

<body>

<p>
    To activate your profile, please follow this link:
</p>

<p>
    <a href="http://127.0.0.1:8000/accounts/activate/SgFp1gszWIazvI0agDxI/">http://127.0.0.1:8000/accounts/activate/SgFp1gszWIazvI0agDxI/</a>
</p>

</body>

</html>

--===============8533687998102264835==--

-------------------------------------------------------------------------------
