Content-Type: multipart/alternative;
 boundary="===============7891500779183189809=="
MIME-Version: 1.0
Subject: Your username
From: test@example.com
To: orkanbirikiuc@gmail.com
Date: Thu, 26 Nov 2020 16:50:41 -0000
Message-ID: <160640944191.1949.865670863709073568@desktop.localdomain>

--===============7891500779183189809==
Content-Type: text/plain; charset="utf-8"
MIME-Version: 1.0
Content-Transfer-Encoding: 7bit



Your username is:

orkan2

--===============7891500779183189809==
Content-Type: text/html; charset="utf-8"
MIME-Version: 1.0
Content-Transfer-Encoding: 7bit



<!DOCTYPE html PUBLIC "-//W3C//DTD XHTML 1.0 Transitional//EN"
        "http://www.w3.org/TR/xhtml1/DTD/xhtml1-transitional.dtd">
<html xmlns="http://www.w3.org/1999/xhtml">
<head>
    <meta http-equiv="Content-Type" content="text/html; charset=UTF-8"/>
    <title>Your username</title>
    <meta name="viewport" content="width=device-width, initial-scale=1.0"/>
</head>

<body>

<p>
    Your username is:
</p>

<p>
    orkan2
</p>

</body>

</html>

--===============7891500779183189809==--

-------------------------------------------------------------------------------
